<?xml version="1.0" encoding="UTF-8"?>
<!-- Generated by org.testng.reporters.JUnitReportReporter -->
<testsuite name="Dishaa.Framwork_DDF.baseclass" tests="1" time="7.689" ignored="0" failures="0" timestamp="06 Jul 2022 14:39:56 GMT" skipped="0" hostname="DESKTOP-KGJE1PN" errors="0">
  <testcase name="openBrowser" time="7.689" classname="Dishaa.Framwork_DDF.baseclass"/>
</testsuite> <!-- Dishaa.Framwork_DDF.baseclass -->
