<?xml version="1.0" encoding="UTF-8"?>
<!-- Generated by org.testng.reporters.JUnitReportReporter -->
<testsuite name="Utility.utilityClass" tests="1" time="1.089" ignored="0" failures="0" timestamp="07 Jul 2022 11:05:13 GMT" skipped="0" hostname="DESKTOP-KGJE1PN" errors="0">
  <testcase name="propertyAccess" time="1.089" classname="Utility.utilityClass"/>
</testsuite> <!-- Utility.utilityClass -->
