<?xml version="1.0" encoding="UTF-8"?>
<!-- Generated by org.testng.reporters.JUnitReportReporter -->
<testsuite name="Testclass.sample" tests="1" time="1.092" ignored="0" failures="0" timestamp="07 Jul 2022 11:28:11 GMT" skipped="0" hostname="DESKTOP-KGJE1PN" errors="0">
  <testcase name="sample1" time="1.092" classname="Testclass.sample"/>
</testsuite> <!-- Testclass.sample -->
