<?xml version="1.0" encoding="UTF-8"?>
<!-- Generated by org.testng.reporters.JUnitReportReporter -->
<testsuite name="Testclass.TestClass" tests="1" time="11.034" ignored="0" failures="0" timestamp="18 Jul 2022 09:14:39 GMT" skipped="0" hostname="DESKTOP-KGJE1PN" errors="0">
  <testcase name="lauch" time="11.034" classname="Testclass.TestClass"/>
</testsuite> <!-- Testclass.TestClass -->
