<?xml version="1.0" encoding="UTF-8"?>
<!-- Generated by org.testng.reporters.JUnitReportReporter -->
<testsuite name="Dishaa.Framwork_DDF.TestClass" tests="1" time="14.227" ignored="0" failures="0" timestamp="07 Jul 2022 10:52:12 GMT" skipped="0" hostname="DESKTOP-KGJE1PN" errors="0">
  <testcase name="lauch" time="14.227" classname="Dishaa.Framwork_DDF.TestClass"/>
</testsuite> <!-- Dishaa.Framwork_DDF.TestClass -->
